  [1m[35m (46.1ms)[0m  [1m[35mCREATE TABLE `schema_migrations` (`version` varchar(255) PRIMARY KEY) ENGINE=InnoDB[0m
  [1m[35m (27.7ms)[0m  [1m[35mCREATE TABLE `ar_internal_metadata` (`key` varchar(255) PRIMARY KEY, `value` varchar(255), `created_at` datetime NOT NULL, `updated_at` datetime NOT NULL) ENGINE=InnoDB[0m
  [1m[35m (0.9ms)[0m  [1m[34mSELECT DATABASE() as db[0m
  [1m[35m (0.7ms)[0m  [1m[34mSELECT GET_LOCK('1024656309996225165', 0);[0m
  [1m[36mActiveRecord::SchemaMigration Load (24.1ms)[0m  [1m[34mSELECT `schema_migrations`.* FROM `schema_migrations`[0m
Migrating to CreateMovies (20161103175628)
  [1m[35m (26.2ms)[0m  [1m[35mCREATE TABLE `movies` (`id` int AUTO_INCREMENT PRIMARY KEY, `title` varchar(255), `release_year` int, `price` float, `description` text, `imdb_id` varchar(255), `poster_url` varchar(255), `created_at` datetime NOT NULL, `updated_at` datetime NOT NULL) ENGINE=InnoDB[0m
  [1m[35m (0.5ms)[0m  [1m[35mBEGIN[0m
  [1m[35mSQL (1.3ms)[0m  [1m[32mINSERT INTO `schema_migrations` (`version`) VALUES ('20161103175628')[0m
  [1m[35m (0.6ms)[0m  [1m[35mCOMMIT[0m
  [1m[36mActiveRecord::InternalMetadata Load (0.6ms)[0m  [1m[34mSELECT  `ar_internal_metadata`.* FROM `ar_internal_metadata` WHERE `ar_internal_metadata`.`key` = 'environment' LIMIT 1[0m
  [1m[35m (0.2ms)[0m  [1m[35mBEGIN[0m
  [1m[35mSQL (0.4ms)[0m  [1m[32mINSERT INTO `ar_internal_metadata` (`key`, `value`, `created_at`, `updated_at`) VALUES ('environment', 'development', '2016-11-03 18:40:51', '2016-11-03 18:40:51')[0m
  [1m[35m (5.9ms)[0m  [1m[35mCOMMIT[0m
  [1m[35m (17.8ms)[0m  [1m[34mSELECT RELEASE_LOCK('1024656309996225165')[0m
  [1m[36mActiveRecord::SchemaMigration Load (0.3ms)[0m  [1m[34mSELECT `schema_migrations`.* FROM `schema_migrations`[0m
  [1m[35m (0.3ms)[0m  [1m[35mSHOW CREATE TABLE `movies`[0m
  [1m[35m (0.7ms)[0m  [1m[35mSHOW TABLE STATUS LIKE 'movies'[0m
  [1m[35m (0.6ms)[0m  [1m[34mSELECT fk.referenced_table_name as 'to_table'
      ,fk.referenced_column_name as 'primary_key'
      ,fk.column_name as 'column'
      ,fk.constraint_name as 'name'
FROM information_schema.key_column_usage fk
WHERE fk.referenced_column_name is not null
  AND fk.table_schema = 'moviestore_development'
  AND fk.table_name = 'movies'
[0m
  [1m[36mActiveRecord::SchemaMigration Load (0.7ms)[0m  [1m[34mSELECT `schema_migrations`.* FROM `schema_migrations`[0m
  [1m[36mActiveRecord::SchemaMigration Load (32.3ms)[0m  [1m[34mSELECT `schema_migrations`.* FROM `schema_migrations`[0m
  [1m[36mMovie Load (6.8ms)[0m  [1m[34mSELECT  `movies`.* FROM `movies` WHERE `movies`.`title` = 'The Godfather' AND `movies`.`release_year` = 1972 AND `movies`.`price` = 24.99 AND `movies`.`description` = 'The aging patriarch of an organized crime dynasty transfers control of his clandestine empire to his reluctant son.' AND `movies`.`imdb_id` = 'tt0068646' AND `movies`.`poster_url` = 'MV5BMjEyMjcyNDI4MF5BMl5BanBnXkFtZTcwMDA5Mzg3OA@@._V1_SX214_AL_.jpg' LIMIT 1[0m
  [1m[35m (0.3ms)[0m  [1m[35mBEGIN[0m
  [1m[35mSQL (3.3ms)[0m  [1m[32mINSERT INTO `movies` (`title`, `release_year`, `price`, `description`, `imdb_id`, `poster_url`, `created_at`, `updated_at`) VALUES ('The Godfather', 1972, 24.99, 'The aging patriarch of an organized crime dynasty transfers control of his clandestine empire to his reluctant son.', 'tt0068646', 'MV5BMjEyMjcyNDI4MF5BMl5BanBnXkFtZTcwMDA5Mzg3OA@@._V1_SX214_AL_.jpg', '2016-11-05 09:28:50', '2016-11-05 09:28:50')[0m
  [1m[35m (1.4ms)[0m  [1m[35mCOMMIT[0m
  [1m[36mMovie Load (0.4ms)[0m  [1m[34mSELECT  `movies`.* FROM `movies` WHERE `movies`.`title` = 'Wild Strawberries' AND `movies`.`release_year` = 1957 AND `movies`.`price` = 20.99 AND `movies`.`description` = 'After living a life marked by coldness, an aging professor is forced to confront the emptiness of his existence.' AND `movies`.`imdb_id` = 'tt0050986' AND `movies`.`poster_url` = 'MV5BMTQyNzQwMjg0Ml5BMl5BanBnXkFtZTYwMTgyMDg4._V1_SY317_CR3,0,214,317_AL_.jpg' LIMIT 1[0m
  [1m[35m (0.2ms)[0m  [1m[35mBEGIN[0m
  [1m[35mSQL (0.6ms)[0m  [1m[32mINSERT INTO `movies` (`title`, `release_year`, `price`, `description`, `imdb_id`, `poster_url`, `created_at`, `updated_at`) VALUES ('Wild Strawberries', 1957, 20.99, 'After living a life marked by coldness, an aging professor is forced to confront the emptiness of his existence.', 'tt0050986', 'MV5BMTQyNzQwMjg0Ml5BMl5BanBnXkFtZTYwMTgyMDg4._V1_SY317_CR3,0,214,317_AL_.jpg', '2016-11-05 09:28:50', '2016-11-05 09:28:50')[0m
  [1m[35m (0.3ms)[0m  [1m[35mCOMMIT[0m
  [1m[36mMovie Load (0.5ms)[0m  [1m[34mSELECT  `movies`.* FROM `movies` WHERE `movies`.`title` = 'The Shawshank Redemption' AND `movies`.`release_year` = 1994 AND `movies`.`price` = 26.99 AND `movies`.`description` = 'Two imprisoned men bond over a number of years, finding solace and eventual redemption through acts of common decency.' AND `movies`.`imdb_id` = 'tt0111161' AND `movies`.`poster_url` = 'MV5BODU4MjU4NjIwNl5BMl5BanBnXkFtZTgwMDU2MjEyMDE@._V1_SX214_AL_.jpg' LIMIT 1[0m
  [1m[35m (0.2ms)[0m  [1m[35mBEGIN[0m
  [1m[35mSQL (0.3ms)[0m  [1m[32mINSERT INTO `movies` (`title`, `release_year`, `price`, `description`, `imdb_id`, `poster_url`, `created_at`, `updated_at`) VALUES ('The Shawshank Redemption', 1994, 26.99, 'Two imprisoned men bond over a number of years, finding solace and eventual redemption through acts of common decency.', 'tt0111161', 'MV5BODU4MjU4NjIwNl5BMl5BanBnXkFtZTgwMDU2MjEyMDE@._V1_SX214_AL_.jpg', '2016-11-05 09:28:50', '2016-11-05 09:28:50')[0m
  [1m[35m (0.4ms)[0m  [1m[35mCOMMIT[0m
  [1m[36mMovie Load (0.4ms)[0m  [1m[34mSELECT  `movies`.* FROM `movies` WHERE `movies`.`title` = 'One Flew Over the Cuckoo\'s Nest' AND `movies`.`release_year` = 1975 AND `movies`.`price` = 22.99 AND `movies`.`description` = 'Upon admittance to a mental institution, a brash rebel rallies the patients to take on the oppressive head nurse.' AND `movies`.`imdb_id` = 'tt0073486' AND `movies`.`poster_url` = 'MV5BMTk5OTA4NTc0NF5BMl5BanBnXkFtZTcwNzI5Mzg3OA@@._V1_SY317_CR12,0,214,317_AL_.jpg' LIMIT 1[0m
  [1m[35m (0.1ms)[0m  [1m[35mBEGIN[0m
  [1m[35mSQL (0.3ms)[0m  [1m[32mINSERT INTO `movies` (`title`, `release_year`, `price`, `description`, `imdb_id`, `poster_url`, `created_at`, `updated_at`) VALUES ('One Flew Over the Cuckoo\'s Nest', 1975, 22.99, 'Upon admittance to a mental institution, a brash rebel rallies the patients to take on the oppressive head nurse.', 'tt0073486', 'MV5BMTk5OTA4NTc0NF5BMl5BanBnXkFtZTcwNzI5Mzg3OA@@._V1_SY317_CR12,0,214,317_AL_.jpg', '2016-11-05 09:28:50', '2016-11-05 09:28:50')[0m
  [1m[35m (0.4ms)[0m  [1m[35mCOMMIT[0m
  [1m[36mMovie Load (0.4ms)[0m  [1m[34mSELECT  `movies`.* FROM `movies` WHERE `movies`.`title` = 'The Dark Knight' AND `movies`.`release_year` = 2008 AND `movies`.`price` = 14.99 AND `movies`.`description` = 'When Batman, Gordon and Harvey Dent launch an assault on the mob, they let the clown out of the box, the Joker, bent on turning Gotham on itself and bringing any heroes down to his level.' AND `movies`.`imdb_id` = 'tt0468569' AND `movies`.`poster_url` = 'MV5BMTMxNTMwODM0NF5BMl5BanBnXkFtZTcwODAyMTk2Mw@@._V1_SY317_CR0,0,214,317_AL_.jpg' LIMIT 1[0m
  [1m[35m (0.2ms)[0m  [1m[35mBEGIN[0m
  [1m[35mSQL (0.3ms)[0m  [1m[32mINSERT INTO `movies` (`title`, `release_year`, `price`, `description`, `imdb_id`, `poster_url`, `created_at`, `updated_at`) VALUES ('The Dark Knight', 2008, 14.99, 'When Batman, Gordon and Harvey Dent launch an assault on the mob, they let the clown out of the box, the Joker, bent on turning Gotham on itself and bringing any heroes down to his level.', 'tt0468569', 'MV5BMTMxNTMwODM0NF5BMl5BanBnXkFtZTcwODAyMTk2Mw@@._V1_SY317_CR0,0,214,317_AL_.jpg', '2016-11-05 09:28:50', '2016-11-05 09:28:50')[0m
  [1m[35m (0.4ms)[0m  [1m[35mCOMMIT[0m
  [1m[36mMovie Load (0.4ms)[0m  [1m[34mSELECT  `movies`.* FROM `movies` WHERE `movies`.`title` = 'It\'s a Wonderful Life' AND `movies`.`release_year` = 1946 AND `movies`.`price` = 15.99 AND `movies`.`description` = 'An angel helps a compassionate but despairingly frustrated businessman by showing what life would have been like if he never existed.' AND `movies`.`imdb_id` = 'tt0038650' AND `movies`.`poster_url` = 'MV5BMTMzMzY5NDc4M15BMl5BanBnXkFtZTcwMzc4NjIxNw@@._V1_SX214_AL_.jpg' LIMIT 1[0m
  [1m[35m (0.2ms)[0m  [1m[35mBEGIN[0m
  [1m[35mSQL (0.3ms)[0m  [1m[32mINSERT INTO `movies` (`title`, `release_year`, `price`, `description`, `imdb_id`, `poster_url`, `created_at`, `updated_at`) VALUES ('It\'s a Wonderful Life', 1946, 15.99, 'An angel helps a compassionate but despairingly frustrated businessman by showing what life would have been like if he never existed.', 'tt0038650', 'MV5BMTMzMzY5NDc4M15BMl5BanBnXkFtZTcwMzc4NjIxNw@@._V1_SX214_AL_.jpg', '2016-11-05 09:28:50', '2016-11-05 09:28:50')[0m
  [1m[35m (0.4ms)[0m  [1m[35mCOMMIT[0m
  [1m[36mMovie Load (0.4ms)[0m  [1m[34mSELECT  `movies`.* FROM `movies` WHERE `movies`.`title` = 'Kill Bill' AND `movies`.`release_year` = 2003 AND `movies`.`price` = 13.99 AND `movies`.`description` = 'The Bride wakens from a four-year coma. The child she carried in her womb is gone. Now she must wreak vengeance on the team of assassins who betrayed her - a team she was once part of.' AND `movies`.`imdb_id` = 'tt0266697' AND `movies`.`poster_url` = 'MV5BMTU1NDg1Mzg4M15BMl5BanBnXkFtZTYwMDExOTc3._V1_SX214_AL_.jpg' LIMIT 1[0m
  [1m[35m (0.1ms)[0m  [1m[35mBEGIN[0m
  [1m[35mSQL (0.3ms)[0m  [1m[32mINSERT INTO `movies` (`title`, `release_year`, `price`, `description`, `imdb_id`, `poster_url`, `created_at`, `updated_at`) VALUES ('Kill Bill', 2003, 13.99, 'The Bride wakens from a four-year coma. The child she carried in her womb is gone. Now she must wreak vengeance on the team of assassins who betrayed her - a team she was once part of.', 'tt0266697', 'MV5BMTU1NDg1Mzg4M15BMl5BanBnXkFtZTYwMDExOTc3._V1_SX214_AL_.jpg', '2016-11-05 09:28:50', '2016-11-05 09:28:50')[0m
  [1m[35m (0.4ms)[0m  [1m[35mCOMMIT[0m
  [1m[36mMovie Load (0.3ms)[0m  [1m[34mSELECT  `movies`.* FROM `movies` WHERE `movies`.`title` = 'Seven Samurai' AND `movies`.`release_year` = 1954 AND `movies`.`price` = 19.99 AND `movies`.`description` = 'A poor village under attack by bandits recruits seven unemployed samurai to help them defend themselves.' AND `movies`.`imdb_id` = 'tt0047478' AND `movies`.`poster_url` = 'MV5BNzg5Mzk5Nzc0NF5BMl5BanBnXkFtZTcwNjg3MDQzMQ@@._V1_SY317_CR5,0,214,317_AL_.jpg' LIMIT 1[0m
  [1m[35m (0.1ms)[0m  [1m[35mBEGIN[0m
  [1m[35mSQL (0.3ms)[0m  [1m[32mINSERT INTO `movies` (`title`, `release_year`, `price`, `description`, `imdb_id`, `poster_url`, `created_at`, `updated_at`) VALUES ('Seven Samurai', 1954, 19.99, 'A poor village under attack by bandits recruits seven unemployed samurai to help them defend themselves.', 'tt0047478', 'MV5BNzg5Mzk5Nzc0NF5BMl5BanBnXkFtZTcwNjg3MDQzMQ@@._V1_SY317_CR5,0,214,317_AL_.jpg', '2016-11-05 09:28:50', '2016-11-05 09:28:50')[0m
  [1m[35m (0.4ms)[0m  [1m[35mCOMMIT[0m
  [1m[36mMovie Load (0.4ms)[0m  [1m[34mSELECT  `movies`.* FROM `movies` WHERE `movies`.`title` = 'Apocalypse Now' AND `movies`.`release_year` = 1979 AND `movies`.`price` = 24.99 AND `movies`.`description` = 'During the U.S.-Viet Nam War, Captain Willard is sent on a dangerous mission into Cambodia to assassinate a renegade colonel who has set himself up as a god among a local tribe.' AND `movies`.`imdb_id` = 'tt0078788' AND `movies`.`poster_url` = 'MV5BMTcyMzQ5NDM4OV5BMl5BanBnXkFtZTcwODUwNDg3OA@@._V1_SY317_CR12,0,214,317_AL_.jpg' LIMIT 1[0m
  [1m[35m (0.1ms)[0m  [1m[35mBEGIN[0m
  [1m[35mSQL (0.3ms)[0m  [1m[32mINSERT INTO `movies` (`title`, `release_year`, `price`, `description`, `imdb_id`, `poster_url`, `created_at`, `updated_at`) VALUES ('Apocalypse Now', 1979, 24.99, 'During the U.S.-Viet Nam War, Captain Willard is sent on a dangerous mission into Cambodia to assassinate a renegade colonel who has set himself up as a god among a local tribe.', 'tt0078788', 'MV5BMTcyMzQ5NDM4OV5BMl5BanBnXkFtZTcwODUwNDg3OA@@._V1_SY317_CR12,0,214,317_AL_.jpg', '2016-11-05 09:28:50', '2016-11-05 09:28:50')[0m
  [1m[35m (0.3ms)[0m  [1m[35mCOMMIT[0m
  [1m[36mMovie Load (0.4ms)[0m  [1m[34mSELECT  `movies`.* FROM `movies` WHERE `movies`.`title` = 'Blood Diamond' AND `movies`.`release_year` = 2006 AND `movies`.`price` = 17.99 AND `movies`.`description` = 'A fisherman, a smuggler, and a syndicate of businessmen match wits over the possession of a priceless diamond.' AND `movies`.`imdb_id` = 'tt0450259' AND `movies`.`poster_url` = 'MV5BMTY5MTYyNjkwNV5BMl5BanBnXkFtZTcwODE3MTI0MQ@@._V1_SY317_CR0,0,214,317_AL_.jpg' LIMIT 1[0m
  [1m[35m (0.1ms)[0m  [1m[35mBEGIN[0m
  [1m[35mSQL (0.3ms)[0m  [1m[32mINSERT INTO `movies` (`title`, `release_year`, `price`, `description`, `imdb_id`, `poster_url`, `created_at`, `updated_at`) VALUES ('Blood Diamond', 2006, 17.99, 'A fisherman, a smuggler, and a syndicate of businessmen match wits over the possession of a priceless diamond.', 'tt0450259', 'MV5BMTY5MTYyNjkwNV5BMl5BanBnXkFtZTcwODE3MTI0MQ@@._V1_SY317_CR0,0,214,317_AL_.jpg', '2016-11-05 09:28:50', '2016-11-05 09:28:50')[0m
  [1m[35m (0.5ms)[0m  [1m[35mCOMMIT[0m
  [1m[36mMovie Load (0.4ms)[0m  [1m[34mSELECT  `movies`.* FROM `movies` WHERE `movies`.`title` = 'Modern Times' AND `movies`.`release_year` = 1936 AND `movies`.`price` = 13.99 AND `movies`.`description` = 'The Tramp struggles to live in modern industrial society with the help of a young homeless woman.' AND `movies`.`imdb_id` = 'tt0027977' AND `movies`.`poster_url` = 'MV5BMjMwMDA5NzEwOF5BMl5BanBnXkFtZTcwMzgwNDg3OA@@._V1_SY317_CR5,0,214,317_AL_.jpg' LIMIT 1[0m
  [1m[35m (0.1ms)[0m  [1m[35mBEGIN[0m
  [1m[35mSQL (0.3ms)[0m  [1m[32mINSERT INTO `movies` (`title`, `release_year`, `price`, `description`, `imdb_id`, `poster_url`, `created_at`, `updated_at`) VALUES ('Modern Times', 1936, 13.99, 'The Tramp struggles to live in modern industrial society with the help of a young homeless woman.', 'tt0027977', 'MV5BMjMwMDA5NzEwOF5BMl5BanBnXkFtZTcwMzgwNDg3OA@@._V1_SY317_CR5,0,214,317_AL_.jpg', '2016-11-05 09:28:50', '2016-11-05 09:28:50')[0m
  [1m[35m (0.4ms)[0m  [1m[35mCOMMIT[0m
  [1m[36mMovie Load (0.4ms)[0m  [1m[34mSELECT  `movies`.* FROM `movies` WHERE `movies`.`title` = 'A Beautiful Mind' AND `movies`.`release_year` = 2001 AND `movies`.`price` = 22.99 AND `movies`.`description` = 'After a brilliant but asocial mathematician accepts secret work in cryptography, his life takes a turn for the nightmarish.' AND `movies`.`imdb_id` = 'tt0268978' AND `movies`.`poster_url` = 'MV5BMTQ4MDI2MzkwMl5BMl5BanBnXkFtZTYwMjk0NTA5._V1_SX214_AL_.jpg' LIMIT 1[0m
  [1m[35m (0.1ms)[0m  [1m[35mBEGIN[0m
  [1m[35mSQL (0.3ms)[0m  [1m[32mINSERT INTO `movies` (`title`, `release_year`, `price`, `description`, `imdb_id`, `poster_url`, `created_at`, `updated_at`) VALUES ('A Beautiful Mind', 2001, 22.99, 'After a brilliant but asocial mathematician accepts secret work in cryptography, his life takes a turn for the nightmarish.', 'tt0268978', 'MV5BMTQ4MDI2MzkwMl5BMl5BanBnXkFtZTYwMjk0NTA5._V1_SX214_AL_.jpg', '2016-11-05 09:28:50', '2016-11-05 09:28:50')[0m
  [1m[35m (0.4ms)[0m  [1m[35mCOMMIT[0m
Started GET "/" for ::1 at 2016-11-05 12:31:52 +0300
  [1m[36mActiveRecord::SchemaMigration Load (1.6ms)[0m  [1m[34mSELECT `schema_migrations`.* FROM `schema_migrations`[0m
Processing by MoviesController#index as HTML
  Rendering movies/index.html.erb within layouts/application
  [1m[36mMovie Load (0.6ms)[0m  [1m[34mSELECT `movies`.* FROM `movies`[0m
  Rendered movies/index.html.erb within layouts/application (116.3ms)
Completed 500 Internal Server Error in 145ms (ActiveRecord: 1.8ms)


  
ActionView::Template::Error (undefined method `edit_movie_path' for #<#<Class:0x007ff0ab8c85e0>:0x007ff0aa5ab3b8>
Did you mean?  edit_polymorphic_path):
    25:         <td><%= movie.imdb_id %></td>
    26:         <td><%= movie.poster_url %></td>
    27:         <td><%= link_to 'Show', movie %></td>
    28:         <td><%= link_to 'Edit', edit_movie_path(movie) %></td>
    29:         <td><%= link_to 'Destroy', movie, method: :delete, data: { confirm: 'Are you sure?' } %></td>
    30:       </tr>
    31:     <% end %>
  
app/views/movies/index.html.erb:28:in `block in _app_views_movies_index_html_erb___3491991949401394331_70335823497960'
app/views/movies/index.html.erb:19:in `_app_views_movies_index_html_erb___3491991949401394331_70335823497960'
  Rendering /Users/Aldres/.rbenv/versions/2.3.1/lib/ruby/gems/2.3.0/gems/actionpack-5.0.0.1/lib/action_dispatch/middleware/templates/rescues/template_error.html.erb within rescues/layout
  Rendering /Users/Aldres/.rbenv/versions/2.3.1/lib/ruby/gems/2.3.0/gems/actionpack-5.0.0.1/lib/action_dispatch/middleware/templates/rescues/_source.html.erb
  Rendered /Users/Aldres/.rbenv/versions/2.3.1/lib/ruby/gems/2.3.0/gems/actionpack-5.0.0.1/lib/action_dispatch/middleware/templates/rescues/_source.html.erb (7.0ms)
  Rendering /Users/Aldres/.rbenv/versions/2.3.1/lib/ruby/gems/2.3.0/gems/actionpack-5.0.0.1/lib/action_dispatch/middleware/templates/rescues/_trace.html.erb
  Rendered /Users/Aldres/.rbenv/versions/2.3.1/lib/ruby/gems/2.3.0/gems/actionpack-5.0.0.1/lib/action_dispatch/middleware/templates/rescues/_trace.html.erb (3.8ms)
  Rendering /Users/Aldres/.rbenv/versions/2.3.1/lib/ruby/gems/2.3.0/gems/actionpack-5.0.0.1/lib/action_dispatch/middleware/templates/rescues/_request_and_response.html.erb
  Rendered /Users/Aldres/.rbenv/versions/2.3.1/lib/ruby/gems/2.3.0/gems/actionpack-5.0.0.1/lib/action_dispatch/middleware/templates/rescues/_request_and_response.html.erb (1.1ms)
  Rendered /Users/Aldres/.rbenv/versions/2.3.1/lib/ruby/gems/2.3.0/gems/actionpack-5.0.0.1/lib/action_dispatch/middleware/templates/rescues/template_error.html.erb within rescues/layout (131.3ms)
Started GET "/" for ::1 at 2016-11-05 12:32:48 +0300
Processing by MoviesController#index as HTML
  Rendering movies/index.html.erb within layouts/application
  [1m[36mMovie Load (0.6ms)[0m  [1m[34mSELECT `movies`.* FROM `movies`[0m
  Rendered movies/index.html.erb within layouts/application (104.2ms)
Completed 500 Internal Server Error in 115ms (ActiveRecord: 2.1ms)


  
ActionView::Template::Error (undefined method `edit_movie_path' for #<#<Class:0x007ff0aa1e7f10>:0x007ff0aa198e38>
Did you mean?  edit_polymorphic_path):
    25:         <td><%= movie.imdb_id %></td>
    26:         <td><%= movie.poster_url %></td>
    27:         <td><%= link_to 'Show', movie %></td>
    28:         <td><%= link_to 'Edit', edit_movie_path(movie) %></td>
    29:         <td><%= link_to 'Destroy', movie, method: :delete, data: { confirm: 'Are you sure?' } %></td>
    30:       </tr>
    31:     <% end %>
  
app/views/movies/index.html.erb:28:in `block in _app_views_movies_index_html_erb___3491991949401394331_70335810578640'
app/views/movies/index.html.erb:19:in `_app_views_movies_index_html_erb___3491991949401394331_70335810578640'
  Rendering /Users/Aldres/.rbenv/versions/2.3.1/lib/ruby/gems/2.3.0/gems/actionpack-5.0.0.1/lib/action_dispatch/middleware/templates/rescues/template_error.html.erb within rescues/layout
  Rendering /Users/Aldres/.rbenv/versions/2.3.1/lib/ruby/gems/2.3.0/gems/actionpack-5.0.0.1/lib/action_dispatch/middleware/templates/rescues/_source.html.erb
  Rendered /Users/Aldres/.rbenv/versions/2.3.1/lib/ruby/gems/2.3.0/gems/actionpack-5.0.0.1/lib/action_dispatch/middleware/templates/rescues/_source.html.erb (6.4ms)
  Rendering /Users/Aldres/.rbenv/versions/2.3.1/lib/ruby/gems/2.3.0/gems/actionpack-5.0.0.1/lib/action_dispatch/middleware/templates/rescues/_trace.html.erb
  Rendered /Users/Aldres/.rbenv/versions/2.3.1/lib/ruby/gems/2.3.0/gems/actionpack-5.0.0.1/lib/action_dispatch/middleware/templates/rescues/_trace.html.erb (2.8ms)
  Rendering /Users/Aldres/.rbenv/versions/2.3.1/lib/ruby/gems/2.3.0/gems/actionpack-5.0.0.1/lib/action_dispatch/middleware/templates/rescues/_request_and_response.html.erb
  Rendered /Users/Aldres/.rbenv/versions/2.3.1/lib/ruby/gems/2.3.0/gems/actionpack-5.0.0.1/lib/action_dispatch/middleware/templates/rescues/_request_and_response.html.erb (1.0ms)
  Rendered /Users/Aldres/.rbenv/versions/2.3.1/lib/ruby/gems/2.3.0/gems/actionpack-5.0.0.1/lib/action_dispatch/middleware/templates/rescues/template_error.html.erb within rescues/layout (114.5ms)
Started GET "/" for ::1 at 2016-11-05 12:33:47 +0300
Processing by MoviesController#index as HTML
  Rendering movies/index.html.erb within layouts/application
  [1m[36mMovie Load (0.4ms)[0m  [1m[34mSELECT `movies`.* FROM `movies`[0m
  Rendered movies/index.html.erb within layouts/application (157.6ms)
Completed 500 Internal Server Error in 166ms (ActiveRecord: 0.4ms)


  
ActionView::Template::Error (undefined local variable or method `new_movie_path' for #<#<Class:0x007ff0aa1e7f10>:0x007ff0aafefc20>
Did you mean?  new_polymorphic_path):
    32: 
    33: <br>
    34: 
    35: <%= link_to 'New Movie', new_movie_path %>
  
app/views/movies/index.html.erb:35:in `_app_views_movies_index_html_erb___3491991949401394331_70335844058120'
  Rendering /Users/Aldres/.rbenv/versions/2.3.1/lib/ruby/gems/2.3.0/gems/actionpack-5.0.0.1/lib/action_dispatch/middleware/templates/rescues/template_error.html.erb within rescues/layout
  Rendering /Users/Aldres/.rbenv/versions/2.3.1/lib/ruby/gems/2.3.0/gems/actionpack-5.0.0.1/lib/action_dispatch/middleware/templates/rescues/_source.html.erb
  Rendered /Users/Aldres/.rbenv/versions/2.3.1/lib/ruby/gems/2.3.0/gems/actionpack-5.0.0.1/lib/action_dispatch/middleware/templates/rescues/_source.html.erb (6.7ms)
  Rendering /Users/Aldres/.rbenv/versions/2.3.1/lib/ruby/gems/2.3.0/gems/actionpack-5.0.0.1/lib/action_dispatch/middleware/templates/rescues/_trace.html.erb
  Rendered /Users/Aldres/.rbenv/versions/2.3.1/lib/ruby/gems/2.3.0/gems/actionpack-5.0.0.1/lib/action_dispatch/middleware/templates/rescues/_trace.html.erb (3.3ms)
  Rendering /Users/Aldres/.rbenv/versions/2.3.1/lib/ruby/gems/2.3.0/gems/actionpack-5.0.0.1/lib/action_dispatch/middleware/templates/rescues/_request_and_response.html.erb
  Rendered /Users/Aldres/.rbenv/versions/2.3.1/lib/ruby/gems/2.3.0/gems/actionpack-5.0.0.1/lib/action_dispatch/middleware/templates/rescues/_request_and_response.html.erb (1.2ms)
  Rendered /Users/Aldres/.rbenv/versions/2.3.1/lib/ruby/gems/2.3.0/gems/actionpack-5.0.0.1/lib/action_dispatch/middleware/templates/rescues/template_error.html.erb within rescues/layout (115.2ms)
Started GET "/" for ::1 at 2016-11-05 12:34:03 +0300
Processing by MoviesController#index as HTML
  Rendering movies/index.html.erb within layouts/application
  [1m[36mMovie Load (0.4ms)[0m  [1m[34mSELECT `movies`.* FROM `movies`[0m
  Rendered movies/index.html.erb within layouts/application (3.9ms)
Completed 200 OK in 794ms (Views: 790.0ms | ActiveRecord: 0.4ms)


Started GET "/movies/1" for ::1 at 2016-11-05 12:34:09 +0300
Processing by MoviesController#show as HTML
  Parameters: {"id"=>"1"}
  [1m[36mMovie Load (13.0ms)[0m  [1m[34mSELECT  `movies`.* FROM `movies` WHERE `movies`.`id` = 1 LIMIT 1[0m
  Rendering movies/show.html.erb within layouts/application
  Rendered movies/show.html.erb within layouts/application (117.6ms)
Completed 500 Internal Server Error in 150ms (ActiveRecord: 13.0ms)


  
ActionView::Template::Error (undefined method `edit_movie_path' for #<#<Class:0x007ff0aa1e7f10>:0x007ff0b0c9e4d0>
Did you mean?  edit_polymorphic_path):
    30:   <%= @movie.poster_url %>
    31: </p>
    32: 
    33: <%= link_to 'Edit', edit_movie_path(@movie) %> |
    34: <%= link_to 'Back', movies_path %>
  
app/views/movies/show.html.erb:33:in `_app_views_movies_show_html_erb___3632150982398175063_70335867451220'
  Rendering /Users/Aldres/.rbenv/versions/2.3.1/lib/ruby/gems/2.3.0/gems/actionpack-5.0.0.1/lib/action_dispatch/middleware/templates/rescues/template_error.html.erb within rescues/layout
  Rendering /Users/Aldres/.rbenv/versions/2.3.1/lib/ruby/gems/2.3.0/gems/actionpack-5.0.0.1/lib/action_dispatch/middleware/templates/rescues/_source.html.erb
  Rendered /Users/Aldres/.rbenv/versions/2.3.1/lib/ruby/gems/2.3.0/gems/actionpack-5.0.0.1/lib/action_dispatch/middleware/templates/rescues/_source.html.erb (7.4ms)
  Rendering /Users/Aldres/.rbenv/versions/2.3.1/lib/ruby/gems/2.3.0/gems/actionpack-5.0.0.1/lib/action_dispatch/middleware/templates/rescues/_trace.html.erb
  Rendered /Users/Aldres/.rbenv/versions/2.3.1/lib/ruby/gems/2.3.0/gems/actionpack-5.0.0.1/lib/action_dispatch/middleware/templates/rescues/_trace.html.erb (3.0ms)
  Rendering /Users/Aldres/.rbenv/versions/2.3.1/lib/ruby/gems/2.3.0/gems/actionpack-5.0.0.1/lib/action_dispatch/middleware/templates/rescues/_request_and_response.html.erb
  Rendered /Users/Aldres/.rbenv/versions/2.3.1/lib/ruby/gems/2.3.0/gems/actionpack-5.0.0.1/lib/action_dispatch/middleware/templates/rescues/_request_and_response.html.erb (1.6ms)
  Rendered /Users/Aldres/.rbenv/versions/2.3.1/lib/ruby/gems/2.3.0/gems/actionpack-5.0.0.1/lib/action_dispatch/middleware/templates/rescues/template_error.html.erb within rescues/layout (112.6ms)
Started GET "/movies/1" for ::1 at 2016-11-05 12:34:25 +0300
Processing by MoviesController#show as HTML
  Parameters: {"id"=>"1"}
  [1m[36mMovie Load (0.5ms)[0m  [1m[34mSELECT  `movies`.* FROM `movies` WHERE `movies`.`id` = 1 LIMIT 1[0m
  Rendering movies/show.html.erb within layouts/application
  Rendered movies/show.html.erb within layouts/application (1.0ms)
Completed 200 OK in 31ms (Views: 27.1ms | ActiveRecord: 0.5ms)


Started GET "/movies" for ::1 at 2016-11-05 12:34:29 +0300
Processing by MoviesController#index as HTML
  Rendering movies/index.html.erb within layouts/application
  [1m[36mMovie Load (0.5ms)[0m  [1m[34mSELECT `movies`.* FROM `movies`[0m
  Rendered movies/index.html.erb within layouts/application (4.5ms)
Completed 200 OK in 35ms (Views: 28.8ms | ActiveRecord: 0.5ms)


